[2025-12-28 00:20:49] Starting auth.php execution...
[2025-12-28 00:20:49] Database included successfully. DB_MODE: LOCAL
[2025-12-28 00:20:49] Session Started. ID: uhd9iivrf9ju46gbmvi5qlvq57
[2025-12-28 00:20:49] Not a POST login nor GET logout. Method: GET
[2025-12-28 00:20:51] Starting auth.php execution...
[2025-12-28 00:20:51] Database included successfully. DB_MODE: LOCAL
[2025-12-28 00:20:51] Session Started. ID: uhd9iivrf9ju46gbmvi5qlvq57
[2025-12-28 00:20:51] Not a POST login nor GET logout. Method: GET
[2025-12-28 00:20:51] Starting auth.php execution...
[2025-12-28 00:20:51] Database included successfully. DB_MODE: LOCAL
[2025-12-28 00:20:51] Session Started. ID: uhd9iivrf9ju46gbmvi5qlvq57
[2025-12-28 00:20:51] Not a POST login nor GET logout. Method: GET
[2025-12-28 00:20:52] Starting auth.php execution...
[2025-12-28 00:20:52] Database included successfully. DB_MODE: LOCAL
[2025-12-28 00:20:52] Session Started. ID: uhd9iivrf9ju46gbmvi5qlvq57
[2025-12-28 00:20:52] Not a POST login nor GET logout. Method: GET
[2025-12-28 00:20:52] Starting auth.php execution...
[2025-12-28 00:20:52] Database included successfully. DB_MODE: LOCAL
[2025-12-28 00:20:52] Session Started. ID: uhd9iivrf9ju46gbmvi5qlvq57
[2025-12-28 00:20:52] Not a POST login nor GET logout. Method: GET
[2025-12-28 00:20:52] Starting auth.php execution...
[2025-12-28 00:20:52] Database included successfully. DB_MODE: LOCAL
[2025-12-28 00:20:52] Session Started. ID: uhd9iivrf9ju46gbmvi5qlvq57
[2025-12-28 00:20:52] Not a POST login nor GET logout. Method: GET
[2025-12-28 00:20:53] Starting auth.php execution...
[2025-12-28 00:20:53] Database included successfully. DB_MODE: LOCAL
[2025-12-28 00:20:53] Session Started. ID: uhd9iivrf9ju46gbmvi5qlvq57
[2025-12-28 00:20:53] Not a POST login nor GET logout. Method: GET
[2025-12-28 00:20:53] Starting auth.php execution...
[2025-12-28 00:20:53] Database included successfully. DB_MODE: LOCAL
[2025-12-28 00:20:53] Session Started. ID: uhd9iivrf9ju46gbmvi5qlvq57
[2025-12-28 00:20:53] Not a POST login nor GET logout. Method: GET
[2025-12-28 00:20:53] Starting auth.php execution...
[2025-12-28 00:20:53] Database included successfully. DB_MODE: LOCAL
[2025-12-28 00:20:53] Session Started. ID: uhd9iivrf9ju46gbmvi5qlvq57
[2025-12-28 00:20:53] Not a POST login nor GET logout. Method: GET
[2025-12-28 00:21:53] Starting auth.php execution...
[2025-12-28 00:21:53] Database included successfully. DB_MODE: LOCAL
[2025-12-28 00:21:53] Session Started. ID: uhd9iivrf9ju46gbmvi5qlvq57
[2025-12-28 00:21:53] Not a POST login nor GET logout. Method: GET
[2025-12-29 08:22:00] Starting auth.php execution...
[2025-12-29 08:22:00] Database included successfully. DB_MODE: LOCAL
[2025-12-29 08:22:00] Session Started. ID: f9t9d1j4m09uheb0k3rb0l18ht
[2025-12-29 08:22:00] Logout requested via GET.
[2025-12-29 08:24:53] Starting auth.php execution...
[2025-12-29 08:24:53] Database included successfully. DB_MODE: LOCAL
[2025-12-29 08:24:53] Session Started. ID: f9t9d1j4m09uheb0k3rb0l18ht
[2025-12-29 08:24:53] Logout requested via GET.
[2025-12-29 08:25:35] Starting auth.php execution...
[2025-12-29 08:25:35] Database included successfully. DB_MODE: LOCAL
[2025-12-29 08:25:35] Session Started. ID: f9t9d1j4m09uheb0k3rb0l18ht
[2025-12-29 08:25:35] Logout requested via GET.
[2025-12-29 09:37:13] Starting auth.php execution...
[2025-12-29 09:37:13] Database included successfully. DB_MODE: LOCAL
[2025-12-29 09:37:13] Session Started. ID: f9t9d1j4m09uheb0k3rb0l18ht
[2025-12-29 09:37:13] Logout requested via GET.
[2025-12-29 09:38:55] Starting auth.php execution...
[2025-12-29 09:38:55] Database included successfully. DB_MODE: LOCAL
[2025-12-29 09:38:55] Session Started. ID: e7h5up6ubrfbbh1brbh1dso6t6
[2025-12-29 09:38:55] Logout requested via GET.
[2025-12-29 09:48:54] Starting auth.php execution...
[2025-12-29 09:48:54] Database included successfully. DB_MODE: LOCAL
[2025-12-29 09:48:54] Session Started. ID: e7h5up6ubrfbbh1brbh1dso6t6
[2025-12-29 09:48:54] Logout requested via GET.
[2025-12-29 09:49:34] Starting auth.php execution...
[2025-12-29 09:49:34] Database included successfully. DB_MODE: LOCAL
[2025-12-29 09:49:34] Session Started. ID: e7h5up6ubrfbbh1brbh1dso6t6
[2025-12-29 09:49:34] Logout requested via GET.
[2025-12-29 09:53:00] Starting auth.php execution...
[2025-12-29 09:53:00] Database included successfully. DB_MODE: LOCAL
[2025-12-29 09:53:00] Session Started. ID: e7h5up6ubrfbbh1brbh1dso6t6
[2025-12-29 09:53:00] Logout requested via GET.
[2025-12-29 09:54:32] Starting auth.php execution...
[2025-12-29 09:54:32] Database included successfully. DB_MODE: LOCAL
[2025-12-29 09:54:32] Session Started. ID: e7h5up6ubrfbbh1brbh1dso6t6
[2025-12-29 09:54:32] Logout requested via GET.
[2025-12-29 09:54:55] Starting auth.php execution...
[2025-12-29 09:54:55] Database included successfully. DB_MODE: LOCAL
[2025-12-29 09:54:55] Session Started. ID: e7h5up6ubrfbbh1brbh1dso6t6
[2025-12-29 09:54:55] Logout requested via GET.
[2025-12-29 09:55:31] Starting auth.php execution...
[2025-12-29 09:55:31] Database included successfully. DB_MODE: LOCAL
[2025-12-29 09:55:31] Session Started. ID: e7h5up6ubrfbbh1brbh1dso6t6
[2025-12-29 09:55:31] Logout requested via GET.
[2025-12-29 09:56:20] Starting auth.php execution...
[2025-12-29 09:56:20] Database included successfully. DB_MODE: LOCAL
[2025-12-29 09:56:20] Session Started. ID: e7h5up6ubrfbbh1brbh1dso6t6
[2025-12-29 09:56:20] Logout requested via GET.
[2025-12-29 09:56:27] Starting auth.php execution...
[2025-12-29 09:56:27] Database included successfully. DB_MODE: LOCAL
[2025-12-29 09:56:27] Session Started. ID: e7h5up6ubrfbbh1brbh1dso6t6
[2025-12-29 09:56:27] Logout requested via GET.
[2025-12-29 09:56:31] Starting auth.php execution...
[2025-12-29 09:56:31] Database included successfully. DB_MODE: LOCAL
[2025-12-29 09:56:31] Session Started. ID: e7h5up6ubrfbbh1brbh1dso6t6
[2025-12-29 09:56:31] Logout requested via GET.
[2025-12-29 09:56:51] Starting auth.php execution...
[2025-12-29 09:56:51] Database included successfully. DB_MODE: LOCAL
[2025-12-29 09:56:51] Session Started. ID: e7h5up6ubrfbbh1brbh1dso6t6
[2025-12-29 09:56:51] Logout requested via GET.
[2025-12-29 09:57:14] Starting auth.php execution...
[2025-12-29 09:57:14] Database included successfully. DB_MODE: LOCAL
[2025-12-29 09:57:14] Session Started. ID: udjfbjb70f6s95nsld8d0cm2kr
[2025-12-29 09:57:14] Logout requested via GET.
[2025-12-29 10:02:05] Starting auth.php execution...
[2025-12-29 10:02:05] Database included successfully. DB_MODE: LOCAL
[2025-12-29 10:02:05] Session Started. ID: udjfbjb70f6s95nsld8d0cm2kr
[2025-12-29 10:02:05] Logout requested via GET.
[2025-12-29 10:15:19] Starting auth.php execution...
[2025-12-29 10:15:19] Database included successfully. DB_MODE: LOCAL
[2025-12-29 10:15:19] Session Started. ID: udjfbjb70f6s95nsld8d0cm2kr
[2025-12-29 10:15:19] Logout requested via GET.
